/vol/synopsys/fpga/O-2018.09-SP1/bin/m_altera  -prodtype  synplify_premier  -encrypt  -pro  -rundir  /home/sfs6562/CE495-Digital-design-and-Verification/HW1/rev_2   -part EP4CE6EA22-7    -maxfan 30 -verification_mode 0 -infer_seqShift -pipe -fixgatedclocks 1 -fixgeneratedclocks 1 -syn_altera_model on -mif_files_dirs " " -synthesis_strategy advanced -continue_on_error -validate_mif_files -reporting_ctd 0 -RWCheckOnRam 1 -summaryfile /home/sfs6562/CE495-Digital-design-and-Verification/HW1/rev_2/synlog/report/fibonacci_fan_fpga_mapper.xml -merge_inferred_clocks 0  -map  -licensetype  synplifypremierdp  -flow mapping  -mp  4  -prjfile  /home/sfs6562/CE495-Digital-design-and-Verification/HW1/rev_2/scratchproject.prs  -implementation  rev_2  -multisrs  -vqm41  -ovqm  /home/sfs6562/CE495-Digital-design-and-Verification/HW1/rev_2/fibonacci_fan.vqm   -autoconstraint  -freq 1.000   /home/sfs6562/CE495-Digital-design-and-Verification/HW1/rev_2/synwork/fibonacci_fan_prem.srd  -sap  /home/sfs6562/CE495-Digital-design-and-Verification/HW1/rev_2/fibonacci_fan.sap  -otap  /home/sfs6562/CE495-Digital-design-and-Verification/HW1/rev_2/fibonacci_fan.tap  -omap  /home/sfs6562/CE495-Digital-design-and-Verification/HW1/rev_2/fibonacci_fan.map  -devicelib  /vol/synopsys/fpga/O-2018.09-SP1/lib/altera/altera.v  -devicelib  /vol/synopsys/fpga/O-2018.09-SP1/lib/altera/quartus_prime181/cycloneive.v  -devicelib  /vol/synopsys/fpga/O-2018.09-SP1/lib/altera/quartus_prime181/altera_mf.v  -devicelib  /vol/synopsys/fpga/O-2018.09-SP1/lib/altera/quartus_prime181/altera_lpm.v  -devicelib  /vol/synopsys/fpga/O-2018.09-SP1/lib/altera/quartus_prime181/altera_primitives.v  -sap  /home/sfs6562/CE495-Digital-design-and-Verification/HW1/rev_2/fibonacci_fan.sap  -ologparam  /home/sfs6562/CE495-Digital-design-and-Verification/HW1/rev_2/syntmp/fibonacci_fan.plg  -osyn  /home/sfs6562/CE495-Digital-design-and-Verification/HW1/rev_2/fibonacci_fan.srm  -prjdir  /home/sfs6562/CE495-Digital-design-and-Verification/HW1/  -prjname  proj_2  -log  /home/sfs6562/CE495-Digital-design-and-Verification/HW1/rev_2/synlog/fibonacci_fan_fpga_mapper.srr  -sn  2018.09  -jobname  "fpga_mapper" 
relcom:/vol/synopsys/fpga/O-2018.09-SP1/bin/m_altera -prodtype synplify_premier -encrypt -pro -rundir ../../rev_2 -part EP4CE6EA22-7 -maxfan 30 -verification_mode 0 -infer_seqShift -pipe -fixgatedclocks 1 -fixgeneratedclocks 1 -syn_altera_model on -mif_files_dirs " " -synthesis_strategy advanced -continue_on_error -validate_mif_files -reporting_ctd 0 -RWCheckOnRam 1 -summaryfile ../synlog/report/fibonacci_fan_fpga_mapper.xml -merge_inferred_clocks 0 -map -licensetype synplifypremierdp -flow mapping -mp 4 -prjfile ../scratchproject.prs -implementation rev_2 -multisrs -vqm41 -ovqm ../fibonacci_fan.vqm -autoconstraint -freq 1.000 ../synwork/fibonacci_fan_prem.srd -sap ../fibonacci_fan.sap -otap ../fibonacci_fan.tap -omap ../fibonacci_fan.map -devicelib /vol/synopsys/fpga/O-2018.09-SP1/lib/altera/altera.v -devicelib /vol/synopsys/fpga/O-2018.09-SP1/lib/altera/quartus_prime181/cycloneive.v -devicelib /vol/synopsys/fpga/O-2018.09-SP1/lib/altera/quartus_prime181/altera_mf.v -devicelib /vol/synopsys/fpga/O-2018.09-SP1/lib/altera/quartus_prime181/altera_lpm.v -devicelib /vol/synopsys/fpga/O-2018.09-SP1/lib/altera/quartus_prime181/altera_primitives.v -sap ../fibonacci_fan.sap -ologparam fibonacci_fan.plg -osyn ../fibonacci_fan.srm -prjdir ../../ -prjname proj_2 -log ../synlog/fibonacci_fan_fpga_mapper.srr -sn 2018.09 -jobname "fpga_mapper"
rc:0 success:1 runtime:0
file:../scratchproject.prs|io:o|time:1705543495|size:1829|exec:0|csum:
file:../fibonacci_fan.vqm|io:o|time:1705546963|size:2844|exec:0|csum:
file:../synwork/fibonacci_fan_prem.srd|io:i|time:1705546962|size:1612|exec:0|csum:061E37761C4285A4B66F2181268FD426
file:../fibonacci_fan.sap|io:o|time:1705546962|size:117|exec:0|csum:
file:../fibonacci_fan.tap|io:o|time:0|size:-1|exec:0|csum:
file:../fibonacci_fan.map|io:o|time:1705546963|size:27|exec:0|csum:
file:/vol/synopsys/fpga/O-2018.09-SP1/lib/altera/altera.v|io:i|time:1543381811|size:761|exec:0|csum:530DBF8BEE396EFE8B33F0255371F1EA
file:/vol/synopsys/fpga/O-2018.09-SP1/lib/altera/quartus_prime181/cycloneive.v|io:i|time:1543381840|size:248626|exec:0|csum:B7FC851277DB49C2CA5F418047EB2E4F
file:/vol/synopsys/fpga/O-2018.09-SP1/lib/altera/quartus_prime181/altera_mf.v|io:i|time:1543381839|size:2618882|exec:0|csum:84794777C52804010B1D63698E285DB9
file:/vol/synopsys/fpga/O-2018.09-SP1/lib/altera/quartus_prime181/altera_lpm.v|io:i|time:1543381839|size:14867|exec:0|csum:01D82E1D5975CD832C9D765243E5182D
file:/vol/synopsys/fpga/O-2018.09-SP1/lib/altera/quartus_prime181/altera_primitives.v|io:i|time:1543381839|size:35286|exec:0|csum:C0AAD8CA21730C472D624582C058B929
file:../fibonacci_fan.sap|io:o|time:1705546962|size:117|exec:0|csum:
file:fibonacci_fan.plg|io:o|time:1705546963|size:253|exec:0|csum:
file:../fibonacci_fan.srm|io:o|time:1705546963|size:7903|exec:0|csum:
file:../synlog/fibonacci_fan_fpga_mapper.srr|io:o|time:1705546963|size:10590|exec:0|csum:
file:/vol/synopsys/fpga/O-2018.09-SP1/linux_a_64/m_altera|io:i|time:1543382473|size:31613712|exec:1|csum:5FBEB6EEDF3364EAF4B7F14711D19D39
file:/vol/synopsys/fpga/O-2018.09-SP1/bin/m_altera|io:i|time:1543381999|size:347|exec:1|csum:04851DFC0CBB288ED81DA3E420127D0D
