##### START OF AREA REPORT #####[
Design view:work.Top(verilog)
Selecting part EP4CE6E22A7

Total combinational functions 198 of 6272 ( 3%)
Logic element usage by number of inputs
		  4 input functions 	 120
		  3 input functions 	 10
		  <=2 input functions 	 68
Logic elements by mode
		  normal mode            138
		  arithmetic mode        60
Total registers 148 of 6272 ( 2%)
I/O pins 120 of 180 (67%), total I/O based on largest package of this part.

Number of I/O registers
			Input DDRs    :0
			Output DDRs   :0

DSP.Simple_Multipliers_18_bit: 3
DSP Blocks:     3  (6 nine-bit DSP elements).
DSP Utilization: 20.00% of available 15 blocks (30 nine-bit).
ShiftTap:       0  (0 registers)
Total ESB:      6144 bits 

LPM latches:    32

##### END OF AREA REPORT #####]

