/vol/synopsys/fpga/O-2018.09-SP1/bin/c_hdl  -osyn  /home/sfs6562/CE495-Digital-design-and-Verification-with-FPGA/HW6/synplify/rev_2/synwork/proj_2_comp.srs  -hdllog  /home/sfs6562/CE495-Digital-design-and-Verification-with-FPGA/HW6/synplify/rev_2/synlog/proj_2_compiler.srr  -encrypt  -mp  4  -prodtype  synplify_premier  -licensetype  synplifypremierdp  -distcompmode 1 -verification_mode 0  -verilog  -prodtype  synplify_premier  -verification_mode 0 -infer_seqShift -primux -fixsmult -dspmac -nram -divnmod -continue_on_error -nostructver   -I /home/sfs6562/CE495-Digital-design-and-Verification-with-FPGA/HW6/synplify/  -I /vol/synopsys/fpga/O-2018.09-SP1/lib   -sysv  -devicelib  /vol/synopsys/fpga/O-2018.09-SP1/lib/altera/altera.v  -devicelib  /vol/synopsys/fpga/O-2018.09-SP1/lib/altera/quartus_prime181/cycloneive.v  -devicelib  /vol/synopsys/fpga/O-2018.09-SP1/lib/altera/quartus_prime181/altera_mf.v  -devicelib  /vol/synopsys/fpga/O-2018.09-SP1/lib/altera/quartus_prime181/altera_lpm.v  -devicelib  /vol/synopsys/fpga/O-2018.09-SP1/lib/altera/quartus_prime181/altera_primitives.v  -encrypt  -pro  -dmgen  /home/sfs6562/CE495-Digital-design-and-Verification-with-FPGA/HW6/synplify/rev_2/dm  -auto_infer_blackbox 0 -proto -ui -fid2 -ram -sharing on -ll 2000 -autosm  -D_MULTIPLE_FILE_COMPILATION_UNIT_  -fast_synthesis 0  -lib work -fsysv /home/sfs6562/CE495-Digital-design-and-Verification-with-FPGA/HW6/uvm/sv/cordic.sv -lib work -fsysv /home/sfs6562/CE495-Digital-design-and-Verification-with-FPGA/HW6/uvm/sv/cordic_stage.sv -lib work -fsysv /home/sfs6562/CE495-Digital-design-and-Verification-with-FPGA/HW6/uvm/sv/cordic_top.sv -lib work -fsysv /home/sfs6562/CE495-Digital-design-and-Verification-with-FPGA/HW6/uvm/sv/fifo.sv  -jobname  "compiler" 
relcom:/vol/synopsys/fpga/O-2018.09-SP1/bin/c_hdl -osyn ../synwork/proj_2_comp.srs -hdllog ../synlog/proj_2_compiler.srr -encrypt -mp 4 -prodtype synplify_premier -licensetype synplifypremierdp -distcompmode 1 -verification_mode 0 -verilog -prodtype synplify_premier -verification_mode 0 -infer_seqShift -primux -fixsmult -dspmac -nram -divnmod -continue_on_error -nostructver -I ../../ -I /vol/synopsys/fpga/O-2018.09-SP1/lib -sysv -devicelib /vol/synopsys/fpga/O-2018.09-SP1/lib/altera/altera.v -devicelib /vol/synopsys/fpga/O-2018.09-SP1/lib/altera/quartus_prime181/cycloneive.v -devicelib /vol/synopsys/fpga/O-2018.09-SP1/lib/altera/quartus_prime181/altera_mf.v -devicelib /vol/synopsys/fpga/O-2018.09-SP1/lib/altera/quartus_prime181/altera_lpm.v -devicelib /vol/synopsys/fpga/O-2018.09-SP1/lib/altera/quartus_prime181/altera_primitives.v -encrypt -pro -dmgen ../dm -auto_infer_blackbox 0 -proto -ui -fid2 -ram -sharing on -ll 2000 -autosm -D_MULTIPLE_FILE_COMPILATION_UNIT_ -fast_synthesis 0 -lib work -fsysv ../../../uvm/sv/cordic.sv -lib work -fsysv ../../../uvm/sv/cordic_stage.sv -lib work -fsysv ../../../uvm/sv/cordic_top.sv -lib work -fsysv ../../../uvm/sv/fifo.sv -jobname "compiler"
rc:0 success:1 runtime:5
file:../synwork/proj_2_comp.srs|io:o|time:1708830420|size:11626|exec:0|csum:
file:../synlog/proj_2_compiler.srr|io:o|time:1708835964|size:11342|exec:0|csum:
file:/vol/synopsys/fpga/O-2018.09-SP1/lib/altera/altera.v|io:i|time:1543381811|size:761|exec:0|csum:530DBF8BEE396EFE8B33F0255371F1EA
file:/vol/synopsys/fpga/O-2018.09-SP1/lib/altera/quartus_prime181/cycloneive.v|io:i|time:1543381840|size:248626|exec:0|csum:B7FC851277DB49C2CA5F418047EB2E4F
file:/vol/synopsys/fpga/O-2018.09-SP1/lib/altera/quartus_prime181/altera_mf.v|io:i|time:1543381839|size:2618882|exec:0|csum:84794777C52804010B1D63698E285DB9
file:/vol/synopsys/fpga/O-2018.09-SP1/lib/altera/quartus_prime181/altera_lpm.v|io:i|time:1543381839|size:14867|exec:0|csum:01D82E1D5975CD832C9D765243E5182D
file:/vol/synopsys/fpga/O-2018.09-SP1/lib/altera/quartus_prime181/altera_primitives.v|io:i|time:1543381839|size:35286|exec:0|csum:C0AAD8CA21730C472D624582C058B929
file:./-fsysv|io:i|time:0|size:-1|exec:0|csum:
file:../../../uvm/sv/cordic.sv|io:i|time:1708830141|size:2811|exec:0|csum:13E72B06B63636CF985B99B7A6719DF9
file:./-fsysv|io:i|time:0|size:-1|exec:0|csum:
file:../../../uvm/sv/cordic_stage.sv|io:i|time:1708830329|size:1438|exec:0|csum:2E08842B4251AC72DD2E98F7B7597190
file:./-fsysv|io:i|time:0|size:-1|exec:0|csum:
file:../../../uvm/sv/cordic_top.sv|io:i|time:1708744401|size:1691|exec:0|csum:C5CE51AC099877BBFECD5D80D33123A2
file:./-fsysv|io:i|time:0|size:-1|exec:0|csum:
file:../../../uvm/sv/fifo.sv|io:i|time:1708743157|size:2496|exec:0|csum:D5552D79385D51720D757D6A4E5DDD50
file:/vol/synopsys/fpga/O-2018.09-SP1/linux_a_64/c_hdl|io:i|time:1543382462|size:8760008|exec:1|csum:CF968C540087EF9F5288FFCDBF191EA5
file:/vol/synopsys/fpga/O-2018.09-SP1/bin/c_hdl|io:i|time:1543382354|size:367|exec:1|csum:E52A0D56112AD6C22F02B648B6F508CE
