##### START OF AREA REPORT #####[
Design view:work.cordic_top(verilog)
Selecting part EP4CE6E22A7

Total combinational functions 1726 of 6272 (27%)
Logic element usage by number of inputs
		  4 input functions 	 93
		  3 input functions 	 23
		  <=2 input functions 	 1610
Logic elements by mode
		  normal mode            393
		  arithmetic mode        1333
Total registers 750 of 6272 (11%)
I/O pins 72 of 180 (40%), total I/O based on largest package of this part.

Number of I/O registers
			Input DDRs    :0
			Output DDRs   :0

DSP Blocks:     0  (0 nine-bit DSP elements).
DSP Utilization: 0.00% of available 15 blocks (30 nine-bit).
ShiftTap:       0  (0 registers)
Total ESB:      2048 bits 

##### END OF AREA REPORT #####]

