##### START OF AREA REPORT #####[
Design view:work.bram_block(verilog)
Selecting part EP4CE115F23C7

Total combinational functions 39 of 114480 ( 0%)
Logic element usage by number of inputs
		  4 input functions 	 38
		  3 input functions 	 0
		  <=2 input functions 	 1
Logic elements by mode
		  normal mode            39
		  arithmetic mode        0
Total registers 37 of 114480 ( 0%)
I/O pins 89 of 529 (17%), total I/O based on largest package of this part.

Number of I/O registers
			Input DDRs    :0
			Output DDRs   :0

DSP Blocks:     0  (0 nine-bit DSP elements).
DSP Utilization: 0.00% of available 266 blocks (532 nine-bit).
ShiftTap:       0  (0 registers)
Total ESB:      32768 bits 

##### END OF AREA REPORT #####]

